make all --print-data-base --no-builtin-variables --no-builtin-rules --question
# GNU Make 3.81
# Copyright (C) 2006  Free Software Foundation, Inc.
# This is free software; see the source for copying conditions.
# There is NO warranty; not even for MERCHANTABILITY or FITNESS FOR A
# PARTICULAR PURPOSE.

# This program built for i386-apple-darwin11.3.0
 

# Make data base, printed on Fri May 27 16:20:39 2022

# Variables

# automatic
<D = $(patsubst %/,%,$(dir $<))
# automatic
?F = $(notdir $?)
# environment
 
ELECTRON_NO_ATTACH_CONSOLE = 1
# environment
GROOVY_TURN_OFF_JAVA_WARNINGS = true
# makefile (from `Makefile', line 4)
BINARY_NAME = tcp-wait
# environment
VSCODE_LOG_NATIVE = false
# automatic
?D = $(patsubst %/,%,$(dir $?))
# environment
CPPFLAGS = -I/usr/local/opt/sqlite/include
# automatic
@D = $(patsubst %/,%,$(dir $@))
# automatic
@F = $(notdir $@)
# makefile
CURDIR := /Users/h445854/mywork/personal/tcp-wait
# makefile
SHELL = /bin/sh
# makefile (from `Makefile', line 7)
BUILD_DATE = '$(shell date)'
# environment
VSCODE_NLS_CONFIG = {"locale":"en-gb","availableLanguages":{},"_languagePackSupport":true}
# environment
_ = /usr/bin/make
# makefile (from `Makefile', line 1)
MAKEFILE_LIST :=  Makefile
# environment
KUBECONFIG = /Users/h445854/.kube/config:/Users/h445854/.kube/adl-rancher-01:/Users/h445854/.kube/eks-test-03:/Users/h445854/.kube/rke-bigbird.yml
# environment
VSCODE_AMD_ENTRYPOINT = vs/workbench/api/node/extensionHostProcess
# makefile (from `Makefile', line 6)
VERSION = '$(shell git symbolic-ref -q --short HEAD || git describe --tags --exact-match)'
# environment
VSCODE_VERBOSE_LOGGING = true
# environment
__CFBundleIdentifier = com.microsoft.VSCode
# environment
INFOPATH = /opt/homebrew/share/info:
# environment
VSCODE_IPC_HOOK_EXTHOST = /var/folders/zg/hkls6t3x7ss0ky5bw112qnch0000gn/T/vscode-ipc-20a09480-8995-4e3b-86a1-550b67ba7549.sock
# environment
VSCODE_CWD = /Users/h445854/mywork/personal/tcp-wait
# environment
GOPROXY = https://proxy.golang.org,direct
# environment
PATH = /usr/local/sbin:/usr/local/bin:/usr/local/opt/sqlite/bin:/Users/h445854/bin:/Users/h445854/scripts:/opt/homebrew/bin:/opt/homebrew/sbin:/usr/local/bin:/usr/bin:/bin:/usr/sbin:/sbin:/Users/h445854/go/bin:/Library/Java/JavaVirtualMachines/jdk-10.0.1.jdk/Contents/Home/bin:/Users/h445854/Library/Python/3.7/bin:/Users/h445854/n/bin
# makefile (from `Makefile', line 8)
HASH = '$(shell git rev-parse --short HEAD)'
# environment
LSCOLORS = Gxfxcxdxbxegedabagacad
# environment
GOPATH = /Users/h445854/go
# environment
VSCODE_LOG_STACK = false
# environment
ELECTRON_RUN_AS_NODE = 1
# environment
LDFLAGS = -L/usr/local/opt/sqlite/lib
# default
.FEATURES := target-specific order-only second-expansion else-if archives jobserver check-symlink
# environment
SSH_AUTH_SOCK = /private/tmp/com.apple.launchd.proTt1E9cR/Listeners
# automatic
%F = $(notdir $%)
# environment
VSCODE_PIPE_LOGGING = true
# environment
PWD = /Users/h445854/mywork/personal/tcp-wait
# environment
HOMEBREW_CELLAR = /opt/homebrew/Cellar
# environment
PKG_CONFIG_PATH = /usr/local/opt/sqlite/lib/pkgconfig
# environment
ORIGINAL_XDG_CURRENT_DESKTOP = undefined
# environment
MANPATH = /opt/homebrew/share/man::
# environment
GOMODCACHE = /Users/h445854/go/pkg/mod
# environment
HOME = /Users/h445854
# default
MAKEFILEPATH := /Applications/Xcode.app/Contents/Developer/Makefiles
# environment
VSCODE_CLI = 1
# environment
VSCODE_CODE_CACHE_PATH = /Users/h445854/Library/Application Support/Code/CachedData/da15b6fd3ef856477bf6f4fb29ba1b7af717770d
# environment
LOGNAME = h445854
# environment
APPLICATION_INSIGHTS_NO_DIAGNOSTIC_CHANNEL = 1
# environment
ZSH = /Users/h445854/.oh-my-zsh
# environment
HEAP = -Xms1g -Xmx1g -XX:MaxMetaspaceSize=256m
# environment
VSCODE_HANDLES_UNCAUGHT_ERRORS = true
# automatic
^D = $(patsubst %/,%,$(dir $^))
# environment
XPC_FLAGS = 0x0
# environment
COLORTERM = truecolor
# default
MAKE = $(MAKE_COMMAND)
# environment
LC_TERMINAL = iTerm2
# environment
SHLVL = 3
# makefile (from `Makefile', line 9)
BUILD_FLAGS = go build -ldflags "-w -s -X main.Version=$(VERSION) -X main.GitHash=$(HASH)"
# environment
JAVA_HOME = /Library/Java/JavaVirtualMachines/jdk-10.0.1.jdk/Contents/Home
# default
MAKE_VERSION := 3.81
# environment
USER = h445854
# makefile
.DEFAULT_GOAL := all
# environment
N_PREFIX = /Users/h445854/n
# default
MAKECMDGOALS := all
# environment
TERM_SESSION_ID = w1t0p0:9621F693-0DEB-48C6-A9AC-AF9C4BC43FED
# environment
LESS = -R
# automatic
%D = $(patsubst %/,%,$(dir $%))
# default
MAKE_COMMAND := /Applications/Xcode.app/Contents/Developer/usr/bin/make
# environment
TERM_PROGRAM = iTerm.app
# default
.VARIABLES := 
# environment
TMPDIR = /var/folders/zg/hkls6t3x7ss0ky5bw112qnch0000gn/T/
# automatic
*F = $(notdir $*)
# environment
VSCODE_IPC_HOOK = /Users/h445854/Library/Application Support/Code/1.67.1-main.sock
# makefile
MAKEFLAGS = Rrqp
# environment
MFLAGS = -Rrqp
# automatic
*D = $(patsubst %/,%,$(dir $*))
# environment
TERM_PROGRAM_VERSION = 3.5.0beta5
# environment
NVM_DIR = /Users/h445854/.nvm
# environment
XPC_SERVICE_NAME = application.com.microsoft.VSCode.6019720.6019726.E047B4C6-65E2-465F-B3EC-CCD42F853CB0
# environment
LC_TERMINAL_VERSION = 3.5.0beta5
# environment
HOMEBREW_PREFIX = /opt/homebrew
# automatic
+D = $(patsubst %/,%,$(dir $+))
# makefile (from `Makefile', line 3)
BINARY_PATH = ./bin/linux/
# automatic
+F = $(notdir $+)
# environment
TERMINFO_DIRS = /Applications/iTerm.app/Contents/Resources/terminfo:/usr/share/terminfo
# environment
ITERM_SESSION_ID = w1t0p0:9621F693-0DEB-48C6-A9AC-AF9C4BC43FED
# environment
HOMEBREW_REPOSITORY = /opt/homebrew
# environment
COLORFGBG = 15;0
# environment
__CF_USER_TEXT_ENCODING = 0x1F5:0:15
# environment
COMMAND_MODE = unix2003
# default
MAKEFILES := 
# automatic
<F = $(notdir $<)
# environment
ITERM_PROFILE = Default
# environment
PIPENV_VENV_IN_PROJECT = true
# environment
PAGER = less
# environment
LC_ALL = C
# environment
ZSH_AUTOSUGGEST_HIGHLIGHT_STYLE = fg=black,bold
# environment
JAVA_TOOL_OPTIONS = -Djava.net.preferIPv4Stack=false
# environment
ANSIBLE_HOST_KEY_CHECKING = False
# automatic
^F = $(notdir $^)
# default
SUFFIXES := 
# environment
MAKELEVEL := 0
# environment
JVM_ARGS = -Xms512m -Xmx512m
# environment
LANG = C
# environment
TERM = xterm-256color
# environment
VSCODE_PID = 65966
# variable set hash-table stats:
# Load=106/1024=10%, Rehash=0, Collisions=7/132=5%

# Pattern-specific Variable Values

# No pattern-specific variable values.

# Directories

# . (device 16777234, inode 12071157): 18 files, no impossibilities.

# 18 files, no impossibilities in 1 directories.

# Implicit Rules

# No implicit rules.

# Files

all: clean deps test build-all
#  Command-line target.
#  Implicit rule search has been done.
#  File does not exist.
#  File has been updated.
#  Needs to be updated (-q is set).
# variable set hash-table stats:
# Load=0/32=0%, Rehash=0, Collisions=0/2=0%

docker-build:
#  Implicit rule search has not been done.
#  Modification time never checked.
#  File has not been updated.
#  commands to execute (from `Makefile', line 42):
	docker build . -t tcp-wait
	

deps:
#  Implicit rule search has not been done.
#  Modification time never checked.
#  File has not been updated.
#  commands to execute (from `Makefile', line 27):
	go get
	

# Not a target:
.SUFFIXES:
#  Implicit rule search has not been done.
#  Modification time never checked.
#  File has not been updated.

# Not a target:
Makefile:
#  Implicit rule search has been done.
#  Last modified 2022-05-27 16:09:34
#  File has been updated.
#  Successfully updated.
# variable set hash-table stats:
# Load=0/32=0%, Rehash=0, Collisions=0/0=0%

test:
#  Implicit rule search has not been done.
#  Modification time never checked.
#  File has not been updated.
#  commands to execute (from `Makefile', line 17):
	mkdir -p tmp/test-coverage
	go test -coverprofile=tmp/test-coverage/coverage.out
	go tool cover -html=tmp/test-coverage/coverage.out -o ./tmp/test-coverage/coverage.html
	

build:
#  Implicit rule search has not been done.
#  Modification time never checked.
#  File has not been updated.
#  commands to execute (from `Makefile', line 14):
	CGO_ENABLED=0 $(BUILD_FLAGS) -o bin/$(BINARY_NAME) -v
	# CGO_ENABLED=0 GOOS=linux go build -a -installsuffix cgo -o tcp-wait .
	

build-all:
#  Implicit rule search has not been done.
#  Modification time never checked.
#  File has not been updated.
#  commands to execute (from `Makefile', line 32):
	$(info    version is $(VERSION))
	$(info    build_date is $(BUILD_DATE))
	$(info    ld-flags is $(BUILD_FLAGS))
	CGO_ENABLED=0 $(BUILD_FLAGS) -o bin/$(BINARY_NAME) -v
 
	CGO_ENABLED=0 GOARCH=386   GOOS=windows  $(BUILD_FLAGS) -o bin/$(BINARY_NAME).windows.amd64 -v
	CGO_ENABLED=0 GOARCH=amd64 GOOS=linux  $(BUILD_FLAGS) -o bin/$(BINARY_NAME).linux.amd64 -v
	CGO_ENABLED=0 GOARCH=amd64 GOOS=darwin  $(BUILD_FLAGS) -o bin/$(BINARY_NAME).darwin.amd64 -v
	

# Not a target:
.DEFAULT:
#  Implicit rule search has not been done.
#  Modification time never checked.
#  File has not been updated.

clean:
#  Implicit rule search has not been done.
#  Implicit/static pattern stem: `'
#  File does not exist.
#  File has been updated.
#  Needs to be updated (-q is set).
# automatic
# @ := clean
# automatic
# % := 
# automatic
# * := 
# automatic
# + := 
# automatic
# | := 
# automatic
# < := 
# automatic
# ^ := 
# automatic
# ? := 
# variable set hash-table stats:
# Load=8/32=25%, Rehash=0, Collisions=1/10=10%
#  commands to execute (from `Makefile', line 21):
	go clean
	find ./bin/ -type f | grep -v keep | xargs rm
	

# files hash-table stats:
# Load=10/1024=1%, Rehash=0, Collisions=0/28=0%
# VPATH Search Paths

# No `vpath' search paths.

# No general (`VPATH' variable) search path.

# # of strings in strcache: 1
# # of strcache buffers: 1
# strcache size: total = 4096 / max = 4096 / min = 4096 / avg = 4096
# strcache free: total = 4087 / max = 4087 / min = 4087 / avg = 4087

# Finished Make data base on Fri May 27 16:20:39 2022

 
